c:\users\mac\source\repos\project2\project2\debug\vc143.pdb
c:\users\mac\source\repos\project2\project2\debug\vc143.idb
c:\users\mac\source\repos\project2\project2\debug\workmanager.obj
c:\users\mac\source\repos\project2\project2\debug\weapon_and_equipment.obj
c:\users\mac\source\repos\project2\project2\debug\sword.obj
c:\users\mac\source\repos\project2\project2\debug\monster.obj
c:\users\mac\source\repos\project2\project2\debug\knight.obj
c:\users\mac\source\repos\project2\project2\debug\go.obj
c:\users\mac\source\repos\project2\project2\debug\gesra.obj
c:\users\mac\source\repos\project2\project2\debug\character.obj
c:\users\mac\source\repos\project2\project2\debug\sheid.obj
c:\users\mac\source\repos\project2\project2\debug\sparta.obj
c:\users\mac\source\repos\project2\project2\debug\hammer.obj
c:\users\mac\source\repos\project2\project2\debug\bigkandao.obj
c:\users\mac\source\repos\project2\project2\debug\arrow.obj
c:\users\mac\source\repos\project2\project2\debug\wolfteethbang.obj
c:\users\mac\source\repos\project2\project2\debug\smallgrass.obj
c:\users\mac\source\repos\project2\project2\debug\flash.obj
c:\users\mac\source\repos\project2\project2\debug\criticalhit.obj
c:\users\mac\source\repos\project2\project2\debug\attribute.obj
c:\users\mac\source\repos\project2\debug\project2.exe
c:\users\mac\source\repos\project2\debug\project2.pdb
c:\users\mac\source\repos\project2\project2\debug\project2.ilk
c:\users\mac\source\repos\project2\project2\debug\project2.tlog\cl.command.1.tlog
c:\users\mac\source\repos\project2\project2\debug\project2.tlog\cl.items.tlog
c:\users\mac\source\repos\project2\project2\debug\project2.tlog\cl.read.1.tlog
c:\users\mac\source\repos\project2\project2\debug\project2.tlog\cl.write.1.tlog
c:\users\mac\source\repos\project2\project2\debug\project2.tlog\link.command.1.tlog
c:\users\mac\source\repos\project2\project2\debug\project2.tlog\link.read.1.tlog
c:\users\mac\source\repos\project2\project2\debug\project2.tlog\link.secondary.1.tlog
c:\users\mac\source\repos\project2\project2\debug\project2.tlog\link.write.1.tlog
